[debug] [2022-07-19T13:58:04.787Z] ----------------------------------------------------------------------
[debug] [2022-07-19T13:58:04.789Z] Command:       /usr/local/bin/node /usr/local/bin/firebase init
[debug] [2022-07-19T13:58:04.789Z] CLI Version:   11.3.0
[debug] [2022-07-19T13:58:04.789Z] Platform:      darwin
[debug] [2022-07-19T13:58:04.789Z] Node Version:  v14.18.1
[debug] [2022-07-19T13:58:04.793Z] Time:          Tue Jul 19 2022 19:28:04 GMT+0530 (India Standard Time)
[debug] [2022-07-19T13:58:04.793Z] ----------------------------------------------------------------------
[debug] 
[debug] [2022-07-19T13:58:04.800Z] > command requires scopes: ["email","openid","https://www.googleapis.com/auth/cloudplatformprojects.readonly","https://www.googleapis.com/auth/firebase","https://www.googleapis.com/auth/cloud-platform"]
[debug] [2022-07-19T13:58:04.801Z] > authorizing via signed-in user (kswami848@gmail.com)
[info] 
     ######## #### ########  ######## ########     ###     ######  ########
     ##        ##  ##     ## ##       ##     ##  ##   ##  ##       ##
     ######    ##  ########  ######   ########  #########  ######  ######
     ##        ##  ##    ##  ##       ##     ## ##     ##       ## ##
     ##       #### ##     ## ######## ########  ##     ##  ######  ########

You're about to initialize a Firebase project in this directory:

  /Users/kamalswami/Documents/codes/editor

[info] 
=== Project Setup
[info] 
[info] First, let's associate this project directory with a Firebase project.
[info] You can create multiple project aliases by running firebase use --add, 
[info] but for now we'll just set up a default project.
[info] 
[debug] [2022-07-19T13:58:10.211Z] > refreshing access token with scopes: []
[debug] [2022-07-19T13:58:10.213Z] >>> [apiv2][query] POST https://www.googleapis.com/oauth2/v3/token [none]
[debug] [2022-07-19T13:58:10.213Z] >>> [apiv2][body] POST https://www.googleapis.com/oauth2/v3/token [omitted]
[debug] [2022-07-19T13:58:10.612Z] <<< [apiv2][status] POST https://www.googleapis.com/oauth2/v3/token 400
[debug] [2022-07-19T13:58:10.612Z] <<< [apiv2][body] POST https://www.googleapis.com/oauth2/v3/token [omitted]
[debug] [2022-07-19T13:58:10.613Z] >>> [apiv2][query] GET https://firebase.googleapis.com/v1beta1/projects pageSize=100
[debug] [2022-07-19T13:58:10.974Z] <<< [apiv2][status] GET https://firebase.googleapis.com/v1beta1/projects 401
[debug] [2022-07-19T13:58:10.974Z] <<< [apiv2][body] GET https://firebase.googleapis.com/v1beta1/projects [omitted]
[debug] [2022-07-19T13:58:10.976Z] HTTP Error: 401, Request had invalid authentication credentials. Expected OAuth 2 access token, login cookie or other valid authentication credential. See https://developers.google.com/identity/sign-in/web/devconsole-project.
[debug] [2022-07-19T13:58:11.271Z] FirebaseError: HTTP Error: 401, Request had invalid authentication credentials. Expected OAuth 2 access token, login cookie or other valid authentication credential. See https://developers.google.com/identity/sign-in/web/devconsole-project.
    at responseToError (/usr/local/lib/node_modules/firebase-tools/lib/responseToError.js:49:12)
    at RetryOperation._fn (/usr/local/lib/node_modules/firebase-tools/lib/apiv2.js:287:77)
    at processTicksAndRejections (internal/process/task_queues.js:95:5)
[error] 
[error] Error: Failed to list Firebase projects. See firebase-debug.log for more info.
